<?xml version="1.0" encoding="UTF-8"?>
<robot generator="Robot 5.0 (Python 3.10.2 on win32)" generated="20220914 14:36:46.707" rpa="false" schemaversion="3">
<suite id="s1" name="DataDrivenUsingExcel" source="C:\Users\SauravSharma\PycharmProjects\RobotFrameworkPOM\TestCases\DataDrivenUsingExcel.robot">
<test id="s1-t1" name="LoginTestWithExcelSheet using" line="15">
<kw name="Valid Login">
<arg>admin@yourstore.com</arg>
<arg>admin</arg>
<kw name="Set Selenium Speed" library="SeleniumLibrary">
<arg>2</arg>
<doc>Sets the delay that is waited after each Selenium command.</doc>
<status status="PASS" starttime="20220914 14:36:47.942" endtime="20220914 14:36:47.942"/>
</kw>
<kw name="Open My Browser" library="LoginKeywords">
<arg>${url}</arg>
<arg>${Browser}</arg>
<kw name="Open Browser" library="SeleniumLibrary">
<arg>${url}</arg>
<arg>${Browser}</arg>
<doc>Opens a new browser instance to the optional ``url``.</doc>
<msg timestamp="20220914 14:36:47.942" level="INFO">Opening browser 'ff' to base url 'https://admin-demo.nopcommerce.com/'.</msg>
<msg timestamp="20220914 14:36:47.957" level="INFO">Firefox driver log is always forced to to: C:\Users\SauravSharma\PycharmProjects\RobotFrameworkPOM\geckodriver-14.log</msg>
<status status="PASS" starttime="20220914 14:36:47.942" endtime="20220914 14:36:59.411"/>
</kw>
<kw name="Maximize Browser Window" library="SeleniumLibrary">
<doc>Maximizes current browser window.</doc>
<status status="PASS" starttime="20220914 14:36:59.411" endtime="20220914 14:37:01.432"/>
</kw>
<status status="PASS" starttime="20220914 14:36:47.942" endtime="20220914 14:37:01.432"/>
</kw>
<kw name="Enter UserName" library="LoginKeywords">
<arg>${username}</arg>
<kw name="Input Text" library="SeleniumLibrary">
<arg>${loginUserName}</arg>
<arg>${username}</arg>
<doc>Types the given ``text`` into the text field identified by ``locator``.</doc>
<msg timestamp="20220914 14:37:01.432" level="INFO">Typing text 'admin@yourstore.com' into text field 'xpath://input[@id='Email']'.</msg>
<status status="PASS" starttime="20220914 14:37:01.432" endtime="20220914 14:37:07.596"/>
</kw>
<status status="PASS" starttime="20220914 14:37:01.432" endtime="20220914 14:37:07.596"/>
</kw>
<kw name="Enter Password" library="LoginKeywords">
<arg>${password}</arg>
<kw name="Input Text" library="SeleniumLibrary">
<arg>${loginPassword}</arg>
<arg>${password}</arg>
<doc>Types the given ``text`` into the text field identified by ``locator``.</doc>
<msg timestamp="20220914 14:37:07.596" level="INFO">Typing text 'admin' into text field 'xpath://input[@id='Password']'.</msg>
<status status="PASS" starttime="20220914 14:37:07.596" endtime="20220914 14:37:13.767"/>
</kw>
<status status="PASS" starttime="20220914 14:37:07.596" endtime="20220914 14:37:13.767"/>
</kw>
<kw name="Click SignIn" library="LoginKeywords">
<kw name="Click Button" library="SeleniumLibrary">
<arg>${loginButton}</arg>
<doc>Clicks the button identified by ``locator``.</doc>
<msg timestamp="20220914 14:37:13.767" level="INFO">Clicking button 'xpath://button[@type='submit']'.</msg>
<status status="PASS" starttime="20220914 14:37:13.767" endtime="20220914 14:37:28.526"/>
</kw>
<status status="PASS" starttime="20220914 14:37:13.767" endtime="20220914 14:37:28.530"/>
</kw>
<kw name="Verify Succesfull login" library="LoginKeywords">
<kw name="Title Should Be" library="SeleniumLibrary">
<arg>Dashboard / nopCommerce administration</arg>
<doc>Verifies that the current page title equals ``title``.</doc>
<msg timestamp="20220914 14:37:30.545" level="INFO">Page title is 'Dashboard / nopCommerce administration'.</msg>
<status status="PASS" starttime="20220914 14:37:28.534" endtime="20220914 14:37:30.545"/>
</kw>
<status status="PASS" starttime="20220914 14:37:28.534" endtime="20220914 14:37:30.549"/>
</kw>
<kw name="Capture Page Screenshot" library="SeleniumLibrary">
<arg>output/allure/AfterLogin.png</arg>
<doc>Takes a screenshot of the current page and embeds it into a log file.</doc>
<msg timestamp="20220914 14:37:32.652" level="INFO" html="true">&lt;/td&gt;&lt;/tr&gt;&lt;tr&gt;&lt;td colspan="3"&gt;&lt;a href="output/allure/AfterLogin.png"&gt;&lt;img src="output/allure/AfterLogin.png" width="800px"&gt;&lt;/a&gt;</msg>
<status status="PASS" starttime="20220914 14:37:30.553" endtime="20220914 14:37:32.652"/>
</kw>
<kw name="Take Screenshot" library="Screenshot">
<doc>Takes a screenshot in JPEG format and embeds it into the log file.</doc>
<msg timestamp="20220914 14:37:32.775" level="INFO" html="true">&lt;a href="screenshot_3.jpg"&gt;&lt;img src="screenshot_3.jpg" width="800px"&gt;&lt;/a&gt;</msg>
<status status="PASS" starttime="20220914 14:37:32.656" endtime="20220914 14:37:32.775"/>
</kw>
<kw name="Click Element" library="SeleniumLibrary">
<arg>//a[contains(text(),'Logout')]</arg>
<doc>Click the element identified by ``locator``.</doc>
<msg timestamp="20220914 14:37:32.779" level="INFO">Clicking element '//a[contains(text(),'Logout')]'.</msg>
<status status="PASS" starttime="20220914 14:37:32.779" endtime="20220914 14:37:39.325"/>
</kw>
<kw name="Close My Browser" library="LoginKeywords">
<kw name="Close All Browsers" library="SeleniumLibrary">
<doc>Closes all open browsers and resets the browser cache.</doc>
<status status="PASS" starttime="20220914 14:37:39.329" endtime="20220914 14:37:42.587"/>
</kw>
<status status="PASS" starttime="20220914 14:37:39.329" endtime="20220914 14:37:42.603"/>
</kw>
<status status="PASS" starttime="20220914 14:36:47.942" endtime="20220914 14:37:42.603"/>
</kw>
<status status="PASS" starttime="20220914 14:36:47.942" endtime="20220914 14:37:42.603"/>
</test>
<status status="PASS" starttime="20220914 14:36:46.785" endtime="20220914 14:37:42.625"/>
</suite>
<statistics>
<total>
<stat pass="1" fail="0" skip="0">All Tests</stat>
</total>
<tag>
</tag>
<suite>
<stat pass="1" fail="0" skip="0" id="s1" name="DataDrivenUsingExcel">DataDrivenUsingExcel</stat>
</suite>
</statistics>
<errors>
<msg timestamp="20220914 14:36:47.155" level="ERROR">Error in file 'C:\Users\SauravSharma\PycharmProjects\RobotFrameworkPOM\TestCases\DataDrivenUsingExcel.robot' on line 4: Processing variable file 'C:\Users\SauravSharma\PycharmProjects\RobotFrameworkPOM\PageObjects\GeneratingRandomData.py' failed: Importing variable file 'C:\Users\SauravSharma\PycharmProjects\RobotFrameworkPOM\PageObjects\GeneratingRandomData.py' failed: AttributeError: module 'collections' has no attribute 'Mapping'
Traceback (most recent call last):
  File "C:\Users\SauravSharma\PycharmProjects\RobotFrameworkPOM\PageObjects\GeneratingRandomData.py", line 3, in &lt;module&gt;
    import allure
  File "C:\Users\SauravSharma\AppData\Local\Programs\Python\Python310\lib\site-packages\allure\__init__.py", line 1, in &lt;module&gt;
    from allure.pytest_plugin import MASTER_HELPER
  File "C:\Users\SauravSharma\AppData\Local\Programs\Python\Python310\lib\site-packages\allure\pytest_plugin.py", line 9, in &lt;module&gt;
    from allure.common import AllureImpl, StepContext
  File "C:\Users\SauravSharma\AppData\Local\Programs\Python\Python310\lib\site-packages\allure\common.py", line 19, in &lt;module&gt;
    from allure.structure import Attach, TestStep, TestCase, TestSuite, Failure, Environment, EnvParameter
  File "C:\Users\SauravSharma\AppData\Local\Programs\Python\Python310\lib\site-packages\allure\structure.py", line 14, in &lt;module&gt;
    class Attach(xmlfied('attachment',
  File "C:\Users\SauravSharma\AppData\Local\Programs\Python\Python310\lib\site-packages\allure\rules.py", line 116, in xmlfied
    class MyImpl(namedlist('XMLFied', [(item[0], None) for item in items])):
  File "C:\Users\SauravSharma\AppData\Local\Programs\Python\Python310\lib\site-packages\namedlist.py", line 398, in namedlist
    fields, defaults = _fields_and_defaults(typename, field_names, default, rename)
  File "C:\Users\SauravSharma\AppData\Local\Programs\Python\Python310\lib\site-packages\namedlist.py", line 252, in _fields_and_defaults
    if isinstance(field_names, _collections.Mapping):
PYTHONPATH:
  C:\Users\SauravSharma\PycharmProjects\RobotFrameworkPOM\PageObjects
  C:\Users\SauravSharma\AppData\Local\Programs\Python\Python310\Scripts\robot.exe
  C:\Users\SauravSharma\AppData\Local\Programs\Python\Python310\python310.zip
  C:\Users\SauravSharma\AppData\Local\Programs\Python\Python310\DLLs
  C:\Users\SauravSharma\AppData\Local\Programs\Python\Python310\lib
  C:\Users\SauravSharma\AppData\Local\Programs\Python\Python310
  C:\Users\SauravSharma\AppData\Roaming\Python\Python310\site-packages
  C:\Users\SauravSharma\AppData\Roaming\Python\Python310\site-packages\win32
  C:\Users\SauravSharma\AppData\Roaming\Python\Python310\site-packages\win32\lib
  C:\Users\SauravSharma\AppData\Roaming\Python\Python310\site-packages\Pythonwin
  C:\Users\SauravSharma\AppData\Local\Programs\Python\Python310\lib\site-packages</msg>
</errors>
</robot>
